Unable to capture context for thread 8820 in process 1360, can not generate back trace
Exception at PC 0x00007FFCAD40A1C8
Unable to capture context for thread 4668 in process 1360, can not generate back trace
Exception at PC 0x00007FFC6073BB93
Printing stacktrace...

Unable to capture context for thread 4668 in process 1360, can not generate back trace
Exception at PC 0x00007FFCAD40A1C8
Exception at PC 0x00007FFCAD40A1C8
Exception at PC 0x00007FFCAD40A1C8
Exception at PC 0x00007FFCAD40A1C8
Exception at PC 0x00007FFCAD40A1C8
Exception at PC 0x00007FFCAD40A1C8
Exception at PC 0x00007FFCAD40A1C8
Exception at PC 0x00007FFCAD40A1C8
Exception at PC 0x00007FFCAD40A1C8
Exception at PC 0x00007FFCAD40A1C8
Exception at PC 0x00007FFCAD40A1C8
Exception at PC 0x00007FFCAD40A1C8
Exception at PC 0x00007FFCAD40A1C8
[0]  [0x00007FFC6073BB93]
[1]  [0x00007FFC6073BB93]
[2]  [0x00007FFC6073B4A1]
[3]  [0x00007FFC6073B3EF]
[4]  [0x00007FFC607219FE]
[5]  [0x00007FFC60720ED1]
[6]  [0x00007FFC60720D76]
[7]  [0x00007FFC606C79F6]
[8]  [0x00007FFC606B7AFB]
[9]  [0x00007FFC607DE90A]
[10]  [0x00007FFC607F9F87]
[11]  [0x00007FFC607FA05F]
[12] (BaseThreadInitThunk+0x22) [0x00007FFCAE0D2D92]
[13] (RtlUserThreadStart+0x34) [0x00007FFCAFEF9F64]
Done
Exception at PC 0x00007FFCAD40A1C8
Exception at PC 0x00007FFCAD40A1C8
Exception at PC 0x00007FFCAD40A1C8
Exception at PC 0x00007FFCAD40A1C8
